# JRE version: OpenJDK Runtime Environment (8.0_152-b02) (build 1.8.0_152-release-1024-b02)
# Java VM: OpenJDK 64-Bit Server VM (25.152-b02 mixed mode windows-amd64 compressed oops)
Heap:
 PSYoungGen      total 402432K, used 317336K [0x00000000e0000000, 0x0000000100000000, 0x0000000100000000)
  eden space 337408K, 74% used [0x00000000e0000000,0x00000000ef66e0c8,0x00000000f4980000)
  from space 65024K, 99% used [0x00000000f4980000,0x00000000f88f80e8,0x00000000f8900000)
  to   space 75776K, 0% used [0x00000000fb600000,0x00000000fb600000,0x0000000100000000)
 ParOldGen       total 211456K, used 85153K [0x00000000a0000000, 0x00000000ace80000, 0x00000000e0000000)
  object space 211456K, 40% used [0x00000000a0000000,0x00000000a5328490,0x00000000ace80000)
 Metaspace       used 82123K, capacity 85163K, committed 85376K, reserved 1124352K
  class space    used 10405K, capacity 11044K, committed 11136K, reserved 1048576K
GC Heap History (10 events):
Event: 18.807 GC heap before
{Heap before GC invocations=12 (full 3):
 PSYoungGen      total 279040K, used 18892K [0x00000000e0000000, 0x00000000f5f00000, 0x0000000100000000)
  eden space 250368K, 0% used [0x00000000e0000000,0x00000000e0000000,0x00000000ef480000)
  from space 28672K, 65% used [0x00000000ef480000,0x00000000f06f33d0,0x00000000f1080000)
  to   space 28672K, 0% used [0x00000000f4300000,0x00000000f4300000,0x00000000f5f00000)
 ParOldGen       total 144896K, used 36201K [0x00000000a0000000, 0x00000000a8d80000, 0x00000000e0000000)
  object space 144896K, 24% used [0x00000000a0000000,0x00000000a235a720,0x00000000a8d80000)
 Metaspace       used 57160K, capacity 58944K, committed 59008K, reserved 1099776K
  class space    used 7634K, capacity 8050K, committed 8064K, reserved 1048576K
Event: 18.985 GC heap after
Heap after GC invocations=12 (full 3):
 PSYoungGen      total 279040K, used 0K [0x00000000e0000000, 0x00000000f5f00000, 0x0000000100000000)
  eden space 250368K, 0% used [0x00000000e0000000,0x00000000e0000000,0x00000000ef480000)
  from space 28672K, 0% used [0x00000000ef480000,0x00000000ef480000,0x00000000f1080000)
  to   space 28672K, 0% used [0x00000000f4300000,0x00000000f4300000,0x00000000f5f00000)
 ParOldGen       total 211456K, used 33602K [0x00000000a0000000, 0x00000000ace80000, 0x00000000e0000000)
  object space 211456K, 15% used [0x00000000a0000000,0x00000000a20d0b28,0x00000000ace80000)
 Metaspace       used 57160K, capacity 58944K, committed 59008K, reserved 1099776K
  class space    used 7634K, capacity 8050K, committed 8064K, reserved 1048576K
}
Event: 32.220 GC heap before
{Heap before GC invocations=13 (full 3):
 PSYoungGen      total 279040K, used 250368K [0x00000000e0000000, 0x00000000f5f00000, 0x0000000100000000)
  eden space 250368K, 100% used [0x00000000e0000000,0x00000000ef480000,0x00000000ef480000)
  from space 28672K, 0% used [0x00000000ef480000,0x00000000ef480000,0x00000000f1080000)
  to   space 28672K, 0% used [0x00000000f4300000,0x00000000f4300000,0x00000000f5f00000)
 ParOldGen       total 211456K, used 33602K [0x00000000a0000000, 0x00000000ace80000, 0x00000000e0000000)
  object space 211456K, 15% used [0x00000000a0000000,0x00000000a20d0b28,0x00000000ace80000)
 Metaspace       used 69044K, capacity 71030K, committed 71296K, reserved 1112064K
  class space    used 9137K, capacity 9585K, committed 9600K, reserved 1048576K
Event: 32.250 GC heap after
Heap after GC invocations=13 (full 3):
 PSYoungGen      total 324096K, used 28662K [0x00000000e0000000, 0x00000000f6800000, 0x0000000100000000)
  eden space 295424K, 0% used [0x00000000e0000000,0x00000000e0000000,0x00000000f2080000)
  from space 28672K, 99% used [0x00000000f4300000,0x00000000f5efd898,0x00000000f5f00000)
  to   space 35328K, 0% used [0x00000000f2080000,0x00000000f2080000,0x00000000f4300000)
 ParOldGen       total 211456K, used 40469K [0x00000000a0000000, 0x00000000ace80000, 0x00000000e0000000)
  object space 211456K, 19% used [0x00000000a0000000,0x00000000a2785418,0x00000000ace80000)
 Metaspace       used 69044K, capacity 71030K, committed 71296K, reserved 1112064K
  class space    used 9137K, capacity 9585K, committed 9600K, reserved 1048576K
}
Event: 38.122 GC heap before
{Heap before GC invocations=14 (full 3):
 PSYoungGen      total 324096K, used 324086K [0x00000000e0000000, 0x00000000f6800000, 0x0000000100000000)
  eden space 295424K, 100% used [0x00000000e0000000,0x00000000f2080000,0x00000000f2080000)
  from space 28672K, 99% used [0x00000000f4300000,0x00000000f5efd898,0x00000000f5f00000)
  to   space 35328K, 0% used [0x00000000f2080000,0x00000000f2080000,0x00000000f4300000)
 ParOldGen       total 211456K, used 40469K [0x00000000a0000000, 0x00000000ace80000, 0x00000000e0000000)
  object space 211456K, 19% used [0x00000000a0000000,0x00000000a2785418,0x00000000ace80000)
 Metaspace       used 74550K, capacity 76798K, committed 77056K, reserved 1116160K
  class space    used 9640K, capacity 10145K, committed 10240K, reserved 1048576K
Event: 38.155 GC heap after
Heap after GC invocations=14 (full 3):
 PSYoungGen      total 330752K, used 35307K [0x00000000e0000000, 0x00000000fbd00000, 0x0000000100000000)
  eden space 295424K, 0% used [0x00000000e0000000,0x00000000e0000000,0x00000000f2080000)
  from space 35328K, 99% used [0x00000000f2080000,0x00000000f42fac90,0x00000000f4300000)
  to   space 53248K, 0% used [0x00000000f8900000,0x00000000f8900000,0x00000000fbd00000)
 ParOldGen       total 211456K, used 75238K [0x00000000a0000000, 0x00000000ace80000, 0x00000000e0000000)
  object space 211456K, 35% used [0x00000000a0000000,0x00000000a4979bf8,0x00000000ace80000)
 Metaspace       used 74550K, capacity 76798K, committed 77056K, reserved 1116160K
  class space    used 9640K, capacity 10145K, committed 10240K, reserved 1048576K
}
Event: 39.529 GC heap before
{Heap before GC invocations=15 (full 3):
 PSYoungGen      total 330752K, used 330731K [0x00000000e0000000, 0x00000000fbd00000, 0x0000000100000000)
  eden space 295424K, 100% used [0x00000000e0000000,0x00000000f2080000,0x00000000f2080000)
  from space 35328K, 99% used [0x00000000f2080000,0x00000000f42fac90,0x00000000f4300000)
  to   space 53248K, 0% used [0x00000000f8900000,0x00000000f8900000,0x00000000fbd00000)
 ParOldGen       total 211456K, used 75238K [0x00000000a0000000, 0x00000000ace80000, 0x00000000e0000000)
  object space 211456K, 35% used [0x00000000a0000000,0x00000000a4979bf8,0x00000000ace80000)
 Metaspace       used 76609K, capacity 78992K, committed 79104K, reserved 1118208K
  class space    used 9910K, capacity 10460K, committed 10496K, reserved 1048576K
Event: 39.552 GC heap after
Heap after GC invocations=15 (full 3):
 PSYoungGen      total 390656K, used 53239K [0x00000000e0000000, 0x00000000fdf00000, 0x0000000100000000)
  eden space 337408K, 0% used [0x00000000e0000000,0x00000000e0000000,0x00000000f4980000)
  from space 53248K, 99% used [0x00000000f8900000,0x00000000fbcfdcc8,0x00000000fbd00000)
  to   space 65024K, 0% used [0x00000000f4980000,0x00000000f4980000,0x00000000f8900000)
 ParOldGen       total 211456K, used 84904K [0x00000000a0000000, 0x00000000ace80000, 0x00000000e0000000)
  object space 211456K, 40% used [0x00000000a0000000,0x00000000a52ea020,0x00000000ace80000)
 Metaspace       used 76609K, capacity 78992K, committed 79104K, reserved 1118208K
  class space    used 9910K, capacity 10460K, committed 10496K, reserved 1048576K
}
Event: 336.985 GC heap before
{Heap before GC invocations=16 (full 3):
 PSYoungGen      total 390656K, used 390647K [0x00000000e0000000, 0x00000000fdf00000, 0x0000000100000000)
  eden space 337408K, 100% used [0x00000000e0000000,0x00000000f4980000,0x00000000f4980000)
  from space 53248K, 99% used [0x00000000f8900000,0x00000000fbcfdcc8,0x00000000fbd00000)
  to   space 65024K, 0% used [0x00000000f4980000,0x00000000f4980000,0x00000000f8900000)
 ParOldGen       total 211456K, used 84904K [0x00000000a0000000, 0x00000000ace80000, 0x00000000e0000000)
  object space 211456K, 40% used [0x00000000a0000000,0x00000000a52ea020,0x00000000ace80000)
 Metaspace       used 81964K, capacity 84943K, committed 85120K, reserved 1124352K
  class space    used 10403K, capacity 11040K, committed 11136K, reserved 1048576K
Event: 337.021 GC heap after
Heap after GC invocations=16 (full 3):
 PSYoungGen      total 402432K, used 64992K [0x00000000e0000000, 0x0000000100000000, 0x0000000100000000)
  eden space 337408K, 0% used [0x00000000e0000000,0x00000000e0000000,0x00000000f4980000)
  from space 65024K, 99% used [0x00000000f4980000,0x00000000f88f80e8,0x00000000f8900000)
  to   space 75776K, 0% used [0x00000000fb600000,0x00000000fb600000,0x0000000100000000)
 ParOldGen       total 211456K, used 85153K [0x00000000a0000000, 0x00000000ace80000, 0x00000000e0000000)
  object space 211456K, 40% used [0x00000000a0000000,0x00000000a5328490,0x00000000ace80000)
 Metaspace       used 81964K, capacity 84943K, committed 85120K, reserved 1124352K
  class space    used 10403K, capacity 11040K, committed 11136K, reserved 1048576K
}

